This file contains any messages produced by compilers while
running configure, to aid debugging if configure makes a mistake.

It was created by Protocol Buffers configure 2.6.0, which was
generated by GNU Autoconf 2.63.  Invocation command line was

  $ ./configure 

## --------- ##
## Platform. ##
## --------- ##

hostname = iZ94daepvlzZ
uname -m = x86_64
uname -r = 2.6.32-431.23.3.el6.x86_64
uname -s = Linux
uname -v = #1 SMP Thu Jul 31 17:20:51 UTC 2014

/usr/bin/uname -p = unknown
/bin/uname -X     = unknown

/bin/arch              = x86_64
/usr/bin/arch -k       = unknown
/usr/convex/getsysinfo = unknown
/usr/bin/hostinfo      = unknown
/bin/machine           = unknown
/usr/bin/oslevel       = unknown
/bin/universe          = unknown

PATH: /usr/local/sbin
PATH: /usr/local/bin
PATH: /sbin
PATH: /bin
PATH: /usr/sbin
PATH: /usr/bin
PATH: /root/bin


## ----------- ##
## Core tests. ##
## ----------- ##

configure:1945: checking whether to disable maintainer-specific portions of Makefiles
configure:1954: result: yes
configure:2021: checking build system type
configure:2039: result: x86_64-unknown-linux-gnu
configure:2061: checking host system type
configure:2076: result: x86_64-unknown-linux-gnu
configure:2098: checking target system type
configure:2113: result: x86_64-unknown-linux-gnu
configure:2158: checking for a BSD-compatible install
configure:2226: result: /usr/bin/install -c
configure:2237: checking whether build environment is sane
configure:2297: result: yes
configure:2438: checking for a thread-safe mkdir -p
configure:2477: result: /bin/mkdir -p
configure:2490: checking for gawk
configure:2506: found /bin/gawk
configure:2517: result: gawk
configure:2528: checking whether make sets $(MAKE)
configure:2550: result: yes
configure:2700: checking for gcc
configure:2716: found /usr/bin/gcc
configure:2727: result: gcc
configure:2959: checking for C compiler version
configure:2967: gcc --version >&5
gcc (GCC) 4.4.7 20120313 (Red Hat 4.4.7-4)
Copyright (C) 2010 Free Software Foundation, Inc.
This is free software; see the source for copying conditions.  There is NO
warranty; not even for MERCHANTABILITY or FITNESS FOR A PARTICULAR PURPOSE.

configure:2971: $? = 0
configure:2978: gcc -v >&5
Using built-in specs.
Target: x86_64-redhat-linux
Configured with: ../configure --prefix=/usr --mandir=/usr/share/man --infodir=/usr/share/info --with-bugurl=http://bugzilla.redhat.com/bugzilla --enable-bootstrap --enable-shared --enable-threads=posix --enable-checking=release --with-system-zlib --enable-__cxa_atexit --disable-libunwind-exceptions --enable-gnu-unique-object --enable-languages=c,c++,objc,obj-c++,java,fortran,ada --enable-java-awt=gtk --disable-dssi --with-java-home=/usr/lib/jvm/java-1.5.0-gcj-1.5.0.0/jre --enable-libgcj-multifile --enable-java-maintainer-mode --with-ecj-jar=/usr/share/java/eclipse-ecj.jar --disable-libjava-multilib --with-ppl --with-cloog --with-tune=generic --with-arch_32=i686 --build=x86_64-redhat-linux
Thread model: posix
gcc version 4.4.7 20120313 (Red Hat 4.4.7-4) (GCC) 
configure:2982: $? = 0
configure:2989: gcc -V >&5
gcc: '-V' option must have argument
configure:2993: $? = 1
configure:3016: checking for C compiler default output file name
configure:3038: gcc    conftest.c  >&5
configure:3042: $? = 0
configure:3080: result: a.out
configure:3099: checking whether the C compiler works
configure:3109: ./a.out
configure:3113: $? = 0
configure:3132: result: yes
configure:3139: checking whether we are cross compiling
configure:3141: result: no
configure:3144: checking for suffix of executables
configure:3151: gcc -o conftest    conftest.c  >&5
configure:3155: $? = 0
configure:3181: result: 
configure:3187: checking for suffix of object files
configure:3213: gcc -c   conftest.c >&5
configure:3217: $? = 0
configure:3242: result: o
configure:3246: checking whether we are using the GNU C compiler
configure:3275: gcc -c   conftest.c >&5
configure:3282: $? = 0
configure:3299: result: yes
configure:3308: checking whether gcc accepts -g
configure:3338: gcc -c -g  conftest.c >&5
configure:3345: $? = 0
configure:3446: result: yes
configure:3463: checking for gcc option to accept ISO C89
configure:3537: gcc  -c   conftest.c >&5
configure:3544: $? = 0
configure:3567: result: none needed
configure:3596: checking for style of include used by make
configure:3624: result: GNU
configure:3649: checking dependency style of gcc
configure:3759: result: gcc3
configure:3832: checking for g++
configure:3848: found /usr/bin/g++
configure:3859: result: g++
configure:3886: checking for C++ compiler version
configure:3894: g++ --version >&5
g++ (GCC) 4.4.7 20120313 (Red Hat 4.4.7-4)
Copyright (C) 2010 Free Software Foundation, Inc.
This is free software; see the source for copying conditions.  There is NO
warranty; not even for MERCHANTABILITY or FITNESS FOR A PARTICULAR PURPOSE.

configure:3898: $? = 0
configure:3905: g++ -v >&5
Using built-in specs.
Target: x86_64-redhat-linux
Configured with: ../configure --prefix=/usr --mandir=/usr/share/man --infodir=/usr/share/info --with-bugurl=http://bugzilla.redhat.com/bugzilla --enable-bootstrap --enable-shared --enable-threads=posix --enable-checking=release --with-system-zlib --enable-__cxa_atexit --disable-libunwind-exceptions --enable-gnu-unique-object --enable-languages=c,c++,objc,obj-c++,java,fortran,ada --enable-java-awt=gtk --disable-dssi --with-java-home=/usr/lib/jvm/java-1.5.0-gcj-1.5.0.0/jre --enable-libgcj-multifile --enable-java-maintainer-mode --with-ecj-jar=/usr/share/java/eclipse-ecj.jar --disable-libjava-multilib --with-ppl --with-cloog --with-tune=generic --with-arch_32=i686 --build=x86_64-redhat-linux
Thread model: posix
gcc version 4.4.7 20120313 (Red Hat 4.4.7-4) (GCC) 
configure:3909: $? = 0
configure:3916: g++ -V >&5
g++: '-V' option must have argument
configure:3920: $? = 1
configure:3923: checking whether we are using the GNU C++ compiler
configure:3952: g++ -c   conftest.cpp >&5
configure:3959: $? = 0
configure:3976: result: yes
configure:3985: checking whether g++ accepts -g
configure:4015: g++ -c -g  conftest.cpp >&5
configure:4022: $? = 0
configure:4123: result: yes
configure:4148: checking dependency style of g++
configure:4258: result: gcc3
configure:4285: checking how to run the C++ preprocessor
configure:4321: g++ -E  conftest.cpp
configure:4328: $? = 0
configure:4359: g++ -E  conftest.cpp
conftest.cpp:10:28: error: ac_nonexistent.h: No such file or directory
configure:4366: $? = 1
configure: failed program was:
| /* confdefs.h.  */
| #define PACKAGE_NAME "Protocol Buffers"
| #define PACKAGE_TARNAME "protobuf"
| #define PACKAGE_VERSION "2.6.0"
| #define PACKAGE_STRING "Protocol Buffers 2.6.0"
| #define PACKAGE_BUGREPORT "protobuf@googlegroups.com"
| #define PACKAGE "protobuf"
| #define VERSION "2.6.0"
| /* end confdefs.h.  */
| #include <ac_nonexistent.h>
configure:4399: result: g++ -E
configure:4428: g++ -E  conftest.cpp
configure:4435: $? = 0
configure:4466: g++ -E  conftest.cpp
conftest.cpp:10:28: error: ac_nonexistent.h: No such file or directory
configure:4473: $? = 1
configure: failed program was:
| /* confdefs.h.  */
| #define PACKAGE_NAME "Protocol Buffers"
| #define PACKAGE_TARNAME "protobuf"
| #define PACKAGE_VERSION "2.6.0"
| #define PACKAGE_STRING "Protocol Buffers 2.6.0"
| #define PACKAGE_BUGREPORT "protobuf@googlegroups.com"
| #define PACKAGE "protobuf"
| #define VERSION "2.6.0"
| /* end confdefs.h.  */
| #include <ac_nonexistent.h>
configure:4513: checking for grep that handles long lines and -e
configure:4573: result: /bin/grep
configure:4578: checking for egrep
configure:4642: result: /bin/grep -E
configure:4647: checking for ANSI C header files
configure:4677: g++ -c   conftest.cpp >&5
configure:4684: $? = 0
configure:4783: g++ -o conftest    conftest.cpp  >&5
configure:4787: $? = 0
configure:4793: ./conftest
configure:4797: $? = 0
configure:4815: result: yes
configure:4839: checking for sys/types.h
configure:4860: g++ -c   conftest.cpp >&5
configure:4867: $? = 0
configure:4884: result: yes
configure:4839: checking for sys/stat.h
configure:4860: g++ -c   conftest.cpp >&5
configure:4867: $? = 0
configure:4884: result: yes
configure:4839: checking for stdlib.h
configure:4860: g++ -c   conftest.cpp >&5
configure:4867: $? = 0
configure:4884: result: yes
configure:4839: checking for string.h
configure:4860: g++ -c   conftest.cpp >&5
configure:4867: $? = 0
configure:4884: result: yes
configure:4839: checking for memory.h
configure:4860: g++ -c   conftest.cpp >&5
configure:4867: $? = 0
configure:4884: result: yes
configure:4839: checking for strings.h
configure:4860: g++ -c   conftest.cpp >&5
configure:4867: $? = 0
configure:4884: result: yes
configure:4839: checking for inttypes.h
configure:4860: g++ -c   conftest.cpp >&5
configure:4867: $? = 0
configure:4884: result: yes
configure:4839: checking for stdint.h
configure:4860: g++ -c   conftest.cpp >&5
configure:4867: $? = 0
configure:4884: result: yes
configure:4839: checking for unistd.h
configure:4860: g++ -c   conftest.cpp >&5
configure:4867: $? = 0
configure:4884: result: yes
configure:4911: checking minix/config.h usability
configure:4928: g++ -c   conftest.cpp >&5
conftest.cpp:53:26: error: minix/config.h: No such file or directory
configure:4935: $? = 1
configure: failed program was:
| /* confdefs.h.  */
| #define PACKAGE_NAME "Protocol Buffers"
| #define PACKAGE_TARNAME "protobuf"
| #define PACKAGE_VERSION "2.6.0"
| #define PACKAGE_STRING "Protocol Buffers 2.6.0"
| #define PACKAGE_BUGREPORT "protobuf@googlegroups.com"
| #define PACKAGE "protobuf"
| #define VERSION "2.6.0"
| #define STDC_HEADERS 1
| #define HAVE_SYS_TYPES_H 1
| #define HAVE_SYS_STAT_H 1
| #define HAVE_STDLIB_H 1
| #define HAVE_STRING_H 1
| #define HAVE_MEMORY_H 1
| #define HAVE_STRINGS_H 1
| #define HAVE_INTTYPES_H 1
| #define HAVE_STDINT_H 1
| #define HAVE_UNISTD_H 1
| /* end confdefs.h.  */
| #include <stdio.h>
| #ifdef HAVE_SYS_TYPES_H
| # include <sys/types.h>
| #endif
| #ifdef HAVE_SYS_STAT_H
| # include <sys/stat.h>
| #endif
| #ifdef STDC_HEADERS
| # include <stdlib.h>
| # include <stddef.h>
| #else
| # ifdef HAVE_STDLIB_H
| #  include <stdlib.h>
| # endif
| #endif
| #ifdef HAVE_STRING_H
| # if !defined STDC_HEADERS && defined HAVE_MEMORY_H
| #  include <memory.h>
| # endif
| # include <string.h>
| #endif
| #ifdef HAVE_STRINGS_H
| # include <strings.h>
| #endif
| #ifdef HAVE_INTTYPES_H
| # include <inttypes.h>
| #endif
| #ifdef HAVE_STDINT_H
| # include <stdint.h>
| #endif
| #ifdef HAVE_UNISTD_H
| # include <unistd.h>
| #endif
| #include <minix/config.h>
configure:4949: result: no
configure:4953: checking minix/config.h presence
configure:4968: g++ -E  conftest.cpp
conftest.cpp:20:26: error: minix/config.h: No such file or directory
configure:4975: $? = 1
configure: failed program was:
| /* confdefs.h.  */
| #define PACKAGE_NAME "Protocol Buffers"
| #define PACKAGE_TARNAME "protobuf"
| #define PACKAGE_VERSION "2.6.0"
| #define PACKAGE_STRING "Protocol Buffers 2.6.0"
| #define PACKAGE_BUGREPORT "protobuf@googlegroups.com"
| #define PACKAGE "protobuf"
| #define VERSION "2.6.0"
| #define STDC_HEADERS 1
| #define HAVE_SYS_TYPES_H 1
| #define HAVE_SYS_STAT_H 1
| #define HAVE_STDLIB_H 1
| #define HAVE_STRING_H 1
| #define HAVE_MEMORY_H 1
| #define HAVE_STRINGS_H 1
| #define HAVE_INTTYPES_H 1
| #define HAVE_STDINT_H 1
| #define HAVE_UNISTD_H 1
| /* end confdefs.h.  */
| #include <minix/config.h>
configure:4989: result: no
configure:5022: checking for minix/config.h
configure:5029: result: no
configure:5060: checking whether it is safe to define __EXTENSIONS__
configure:5088: g++ -c   conftest.cpp >&5
configure:5095: $? = 0
configure:5110: result: yes
configure:5146: checking C++ compiler flags...
configure:5163: result: use default: -O2  -g -DNDEBUG
configure:5184: checking whether __SUNPRO_CC is declared
configure:5213: g++ -c  -g -DNDEBUG  conftest.cpp >&5
conftest.cpp: In function 'int main()':
conftest.cpp:62: error: '__SUNPRO_CC' was not declared in this scope
configure:5220: $? = 1
configure: failed program was:
| /* confdefs.h.  */
| #define PACKAGE_NAME "Protocol Buffers"
| #define PACKAGE_TARNAME "protobuf"
| #define PACKAGE_VERSION "2.6.0"
| #define PACKAGE_STRING "Protocol Buffers 2.6.0"
| #define PACKAGE_BUGREPORT "protobuf@googlegroups.com"
| #define PACKAGE "protobuf"
| #define VERSION "2.6.0"
| #define STDC_HEADERS 1
| #define HAVE_SYS_TYPES_H 1
| #define HAVE_SYS_STAT_H 1
| #define HAVE_STDLIB_H 1
| #define HAVE_STRING_H 1
| #define HAVE_MEMORY_H 1
| #define HAVE_STRINGS_H 1
| #define HAVE_INTTYPES_H 1
| #define HAVE_STDINT_H 1
| #define HAVE_UNISTD_H 1
| #define __EXTENSIONS__ 1
| #define _ALL_SOURCE 1
| #define _GNU_SOURCE 1
| #define _POSIX_PTHREAD_SEMANTICS 1
| #define _TANDEM_SOURCE 1
| /* end confdefs.h.  */
| #include <stdio.h>
| #ifdef HAVE_SYS_TYPES_H
| # include <sys/types.h>
| #endif
| #ifdef HAVE_SYS_STAT_H
| # include <sys/stat.h>
| #endif
| #ifdef STDC_HEADERS
| # include <stdlib.h>
| # include <stddef.h>
| #else
| # ifdef HAVE_STDLIB_H
| #  include <stdlib.h>
| # endif
| #endif
| #ifdef HAVE_STRING_H
| # if !defined STDC_HEADERS && defined HAVE_MEMORY_H
| #  include <memory.h>
| # endif
| # include <string.h>
| #endif
| #ifdef HAVE_STRINGS_H
| # include <strings.h>
| #endif
| #ifdef HAVE_INTTYPES_H
| # include <inttypes.h>
| #endif
| #ifdef HAVE_STDINT_H
| # include <stdint.h>
| #endif
| #ifdef HAVE_UNISTD_H
| # include <unistd.h>
| #endif
| int
| main ()
| {
| #ifndef __SUNPRO_CC
|   (void) __SUNPRO_CC;
| #endif
| 
|   ;
|   return 0;
| }
configure:5235: result: no
configure:5416: checking how to print strings
configure:5443: result: printf
configure:5464: checking for a sed that does not truncate output
configure:5530: result: /bin/sed
configure:5548: checking for fgrep
configure:5612: result: /bin/grep -F
configure:5647: checking for ld used by gcc
configure:5714: result: /usr/bin/ld
configure:5723: checking if the linker (/usr/bin/ld) is GNU ld
configure:5738: result: yes
configure:5750: checking for BSD- or MS-compatible name lister (nm)
configure:5799: result: /usr/bin/nm -B
configure:5929: checking the name lister (/usr/bin/nm -B) interface
configure:5936: g++ -c  -g -DNDEBUG  conftest.cpp >&5
configure:5939: /usr/bin/nm -B "conftest.o"
configure:5942: output
0000000000000000 B some_variable
configure:5949: result: BSD nm
configure:5952: checking whether ln -s works
configure:5956: result: yes
configure:5964: checking the maximum length of command line arguments
configure:6094: result: 1966080
configure:6111: checking whether the shell understands some XSI constructs
configure:6121: result: yes
configure:6125: checking whether the shell understands "+="
configure:6131: result: yes
configure:6166: checking how to convert x86_64-unknown-linux-gnu file names to x86_64-unknown-linux-gnu format
configure:6206: result: func_convert_file_noop
configure:6213: checking how to convert x86_64-unknown-linux-gnu file names to toolchain format
configure:6233: result: func_convert_file_noop
configure:6240: checking for /usr/bin/ld option to reload object files
configure:6247: result: -r
configure:6321: checking for objdump
configure:6337: found /usr/bin/objdump
configure:6348: result: objdump
configure:6380: checking how to recognize dependent libraries
configure:6582: result: pass_all
configure:6667: checking for dlltool
configure:6697: result: no
configure:6727: checking how to associate runtime and link libraries
configure:6754: result: printf %s\n
configure:6814: checking for ar
configure:6830: found /usr/bin/ar
configure:6841: result: ar
configure:6878: checking for archiver @FILE support
configure:6905: g++ -c  -g -DNDEBUG  conftest.cpp >&5
configure:6912: $? = 0
configure:6919: ar cru libconftest.a @conftest.lst >&5
configure:6922: $? = 0
configure:6927: ar cru libconftest.a @conftest.lst >&5
ar: conftest.o: No such file or directory
configure:6930: $? = 1
configure:6948: result: @
configure:7006: checking for strip
configure:7022: found /usr/bin/strip
configure:7033: result: strip
configure:7105: checking for ranlib
configure:7121: found /usr/bin/ranlib
configure:7132: result: ranlib
configure:7234: checking command to parse /usr/bin/nm -B output from gcc object
configure:7354: g++ -c  -g -DNDEBUG  conftest.cpp >&5
configure:7357: $? = 0
configure:7361: /usr/bin/nm -B conftest.o \| sed -n -e 's/^.*[ ]\([ABCDGIRSTW][ABCDGIRSTW]*\)[ ][ ]*\([_A-Za-z][_A-Za-z0-9]*\)$/\1 \2 \2/p' | sed '/ __gnu_lto/d' \> conftest.nm
configure:7364: $? = 0
configure:7430: g++ -o conftest  -g -DNDEBUG   conftest.cpp conftstm.o >&5
configure:7433: $? = 0
configure:7471: result: ok
configure:7508: checking for sysroot
configure:7540: result: no
configure:7618: g++ -c  -g -DNDEBUG  conftest.cpp >&5
configure:7621: $? = 0
configure:7826: checking for mt
configure:7856: result: no
configure:7876: checking if : is a manifest tool
configure:7882: : '-?'
configure:7890: result: no
configure:8560: checking for dlfcn.h
configure:8581: g++ -c  -g -DNDEBUG  conftest.cpp >&5
configure:8588: $? = 0
configure:8605: result: yes
configure:8823: checking for objdir
configure:8838: result: .libs
configure:9109: checking if gcc supports -fno-rtti -fno-exceptions
configure:9127: gcc -c   -fno-rtti -fno-exceptions conftest.c >&5
cc1: warning: command line option "-fno-rtti" is valid for C++/ObjC++ but not for C
configure:9131: $? = 0
configure:9144: result: no
configure:9471: checking for gcc option to produce PIC
configure:9478: result: -fPIC -DPIC
configure:9486: checking if gcc PIC flag -fPIC -DPIC works
configure:9504: gcc -c   -fPIC -DPIC -DPIC conftest.c >&5
configure:9508: $? = 0
configure:9521: result: yes
configure:9550: checking if gcc static flag -static works
configure:9578: result: no
configure:9593: checking if gcc supports -c -o file.o
configure:9614: gcc -c   -o out/conftest2.o conftest.c >&5
configure:9618: $? = 0
configure:9640: result: yes
configure:9648: checking if gcc supports -c -o file.o
configure:9695: result: yes
configure:9728: checking whether the gcc linker (/usr/bin/ld -m elf_x86_64) supports shared libraries
configure:10976: result: yes
configure:11013: checking whether -lc should be explicitly linked in
configure:11021: gcc -c   conftest.c >&5
configure:11024: $? = 0
configure:11039: gcc -shared  -fPIC -DPIC conftest.o  -v -Wl,-soname -Wl,conftest -o conftest 2\>\&1 \| /bin/grep  -lc  \>/dev/null 2\>\&1
configure:11042: $? = 0
configure:11056: result: no
configure:11216: checking dynamic linker characteristics
configure:11737: gcc -o conftest    -Wl,-rpath -Wl,/foo conftest.c  >&5
configure:11744: $? = 0
configure:11993: result: GNU/Linux ld.so
configure:12100: checking how to hardcode library paths into programs
configure:12125: result: immediate
configure:12978: checking whether stripping libraries is possible
configure:12983: result: yes
configure:13018: checking if libtool supports shared libraries
configure:13020: result: yes
configure:13023: checking whether to build shared libraries
configure:13044: result: yes
configure:13047: checking whether to build static libraries
configure:13051: result: yes
configure:13074: checking how to run the C++ preprocessor
configure:13188: result: g++ -E
configure:13217: g++ -E  conftest.cpp
configure:13224: $? = 0
configure:13255: g++ -E  conftest.cpp
conftest.cpp:27:28: error: ac_nonexistent.h: No such file or directory
configure:13262: $? = 1
configure: failed program was:
| /* confdefs.h.  */
| #define PACKAGE_NAME "Protocol Buffers"
| #define PACKAGE_TARNAME "protobuf"
| #define PACKAGE_VERSION "2.6.0"
| #define PACKAGE_STRING "Protocol Buffers 2.6.0"
| #define PACKAGE_BUGREPORT "protobuf@googlegroups.com"
| #define PACKAGE "protobuf"
| #define VERSION "2.6.0"
| #define STDC_HEADERS 1
| #define HAVE_SYS_TYPES_H 1
| #define HAVE_SYS_STAT_H 1
| #define HAVE_STDLIB_H 1
| #define HAVE_STRING_H 1
| #define HAVE_MEMORY_H 1
| #define HAVE_STRINGS_H 1
| #define HAVE_INTTYPES_H 1
| #define HAVE_STDINT_H 1
| #define HAVE_UNISTD_H 1
| #define __EXTENSIONS__ 1
| #define _ALL_SOURCE 1
| #define _GNU_SOURCE 1
| #define _POSIX_PTHREAD_SEMANTICS 1
| #define _TANDEM_SOURCE 1
| #define HAVE_DLFCN_H 1
| #define LT_OBJDIR ".libs/"
| /* end confdefs.h.  */
| #include <ac_nonexistent.h>
configure:13442: checking for ld used by g++
configure:13509: result: /usr/bin/ld -m elf_x86_64
configure:13518: checking if the linker (/usr/bin/ld -m elf_x86_64) is GNU ld
configure:13533: result: yes
configure:13588: checking whether the g++ linker (/usr/bin/ld -m elf_x86_64) supports shared libraries
configure:14655: result: yes
configure:14691: g++ -c  -g -DNDEBUG  conftest.cpp >&5
configure:14694: $? = 0
configure:15214: checking for g++ option to produce PIC
configure:15221: result: -fPIC -DPIC
configure:15229: checking if g++ PIC flag -fPIC -DPIC works
configure:15247: g++ -c  -g -DNDEBUG  -fPIC -DPIC -DPIC conftest.cpp >&5
configure:15251: $? = 0
configure:15264: result: yes
configure:15287: checking if g++ static flag -static works
configure:15315: result: no
configure:15327: checking if g++ supports -c -o file.o
configure:15348: g++ -c  -g -DNDEBUG  -o out/conftest2.o conftest.cpp >&5
configure:15352: $? = 0
configure:15374: result: yes
configure:15379: checking if g++ supports -c -o file.o
configure:15426: result: yes
configure:15456: checking whether the g++ linker (/usr/bin/ld -m elf_x86_64) supports shared libraries
configure:15495: result: yes
configure:15636: checking dynamic linker characteristics
configure:16347: result: GNU/Linux ld.so
configure:16400: checking how to hardcode library paths into programs
configure:16425: result: immediate
configure:16488: checking for ANSI C header files
configure:16656: result: yes
configure:16686: checking fcntl.h usability
configure:16703: g++ -c  -g -DNDEBUG  conftest.cpp >&5
configure:16710: $? = 0
configure:16724: result: yes
configure:16728: checking fcntl.h presence
configure:16743: g++ -E  conftest.cpp
configure:16750: $? = 0
configure:16764: result: yes
configure:16797: checking for fcntl.h
configure:16806: result: yes
configure:16675: checking for inttypes.h
configure:16682: result: yes
configure:16686: checking limits.h usability
configure:16703: g++ -c  -g -DNDEBUG  conftest.cpp >&5
configure:16710: $? = 0
configure:16724: result: yes
configure:16728: checking limits.h presence
configure:16743: g++ -E  conftest.cpp
configure:16750: $? = 0
configure:16764: result: yes
configure:16797: checking for limits.h
configure:16806: result: yes
configure:16675: checking for stdlib.h
configure:16682: result: yes
configure:16675: checking for unistd.h
configure:16682: result: yes
configure:16823: checking for working memcmp
configure:16876: g++ -o conftest  -g -DNDEBUG   conftest.cpp  >&5
configure:16880: $? = 0
configure:16886: ./conftest
configure:16890: $? = 0
configure:16907: result: yes
configure:16916: checking for working strtod
configure:16967: g++ -o conftest  -g -DNDEBUG   conftest.cpp  >&5
conftest.cpp: In function 'int main()':
conftest.cpp:75: warning: deprecated conversion from string constant to 'char*'
conftest.cpp:86: warning: deprecated conversion from string constant to 'char*'
configure:16971: $? = 0
configure:16977: ./conftest
configure:16981: $? = 0
configure:16998: result: yes
configure:17179: checking for ftruncate
configure:17235: g++ -o conftest  -g -DNDEBUG   conftest.cpp  >&5
configure:17242: $? = 0
configure:17264: result: yes
configure:17179: checking for memset
configure:17235: g++ -o conftest  -g -DNDEBUG   conftest.cpp  >&5
configure:17242: $? = 0
configure:17264: result: yes
configure:17179: checking for mkdir
configure:17235: g++ -o conftest  -g -DNDEBUG   conftest.cpp  >&5
configure:17242: $? = 0
configure:17264: result: yes
configure:17179: checking for strchr
configure:17235: g++ -o conftest  -g -DNDEBUG   conftest.cpp  >&5
configure:17242: $? = 0
configure:17264: result: yes
configure:17179: checking for strerror
configure:17235: g++ -o conftest  -g -DNDEBUG   conftest.cpp  >&5
configure:17242: $? = 0
configure:17264: result: yes
configure:17179: checking for strtol
configure:17235: g++ -o conftest  -g -DNDEBUG   conftest.cpp  >&5
configure:17242: $? = 0
configure:17264: result: yes
configure:17281: checking zlib version
configure:17311: g++ -c  -g -DNDEBUG  conftest.cpp >&5
configure:17318: $? = 0
configure:17324: result: ok (1.2.0.4 or later)
configure:17328: checking for library containing zlibVersion
configure:17369: g++ -o conftest  -g -DNDEBUG   conftest.cpp  >&5
/tmp/ccmqWc7m.o: In function `main':
/home/ljw/nodesrv/3rd/protobuf/conftest.cpp:50: undefined reference to `zlibVersion'
collect2: ld returned 1 exit status
configure:17376: $? = 1
configure: failed program was:
| /* confdefs.h.  */
| #define PACKAGE_NAME "Protocol Buffers"
| #define PACKAGE_TARNAME "protobuf"
| #define PACKAGE_VERSION "2.6.0"
| #define PACKAGE_STRING "Protocol Buffers 2.6.0"
| #define PACKAGE_BUGREPORT "protobuf@googlegroups.com"
| #define PACKAGE "protobuf"
| #define VERSION "2.6.0"
| #define STDC_HEADERS 1
| #define HAVE_SYS_TYPES_H 1
| #define HAVE_SYS_STAT_H 1
| #define HAVE_STDLIB_H 1
| #define HAVE_STRING_H 1
| #define HAVE_MEMORY_H 1
| #define HAVE_STRINGS_H 1
| #define HAVE_INTTYPES_H 1
| #define HAVE_STDINT_H 1
| #define HAVE_UNISTD_H 1
| #define __EXTENSIONS__ 1
| #define _ALL_SOURCE 1
| #define _GNU_SOURCE 1
| #define _POSIX_PTHREAD_SEMANTICS 1
| #define _TANDEM_SOURCE 1
| #define HAVE_DLFCN_H 1
| #define LT_OBJDIR ".libs/"
| #define STDC_HEADERS 1
| #define HAVE_FCNTL_H 1
| #define HAVE_INTTYPES_H 1
| #define HAVE_LIMITS_H 1
| #define HAVE_STDLIB_H 1
| #define HAVE_UNISTD_H 1
| #define HAVE_FTRUNCATE 1
| #define HAVE_MEMSET 1
| #define HAVE_MKDIR 1
| #define HAVE_STRCHR 1
| #define HAVE_STRERROR 1
| #define HAVE_STRTOL 1
| /* end confdefs.h.  */
| 
| /* Override any GCC internal prototype to avoid an error.
|    Use char because int might match the return type of a GCC
|    builtin and then its argument prototype would still apply.  */
| #ifdef __cplusplus
| extern "C"
| #endif
| char zlibVersion ();
| int
| main ()
| {
| return zlibVersion ();
|   ;
|   return 0;
| }
configure:17369: g++ -o conftest  -g -DNDEBUG   conftest.cpp -lz   >&5
configure:17376: $? = 0
configure:17407: result: -lz
configure:17707: checking for the pthreads library -lpthreads
configure:17750: gcc -o conftest     conftest.c -lpthreads -lz  >&5
/usr/bin/ld: cannot find -lpthreads
collect2: ld returned 1 exit status
configure:17757: $? = 1
configure: failed program was:
| /* confdefs.h.  */
| #define PACKAGE_NAME "Protocol Buffers"
| #define PACKAGE_TARNAME "protobuf"
| #define PACKAGE_VERSION "2.6.0"
| #define PACKAGE_STRING "Protocol Buffers 2.6.0"
| #define PACKAGE_BUGREPORT "protobuf@googlegroups.com"
| #define PACKAGE "protobuf"
| #define VERSION "2.6.0"
| #define STDC_HEADERS 1
| #define HAVE_SYS_TYPES_H 1
| #define HAVE_SYS_STAT_H 1
| #define HAVE_STDLIB_H 1
| #define HAVE_STRING_H 1
| #define HAVE_MEMORY_H 1
| #define HAVE_STRINGS_H 1
| #define HAVE_INTTYPES_H 1
| #define HAVE_STDINT_H 1
| #define HAVE_UNISTD_H 1
| #define __EXTENSIONS__ 1
| #define _ALL_SOURCE 1
| #define _GNU_SOURCE 1
| #define _POSIX_PTHREAD_SEMANTICS 1
| #define _TANDEM_SOURCE 1
| #define HAVE_DLFCN_H 1
| #define LT_OBJDIR ".libs/"
| #define STDC_HEADERS 1
| #define HAVE_FCNTL_H 1
| #define HAVE_INTTYPES_H 1
| #define HAVE_LIMITS_H 1
| #define HAVE_STDLIB_H 1
| #define HAVE_UNISTD_H 1
| #define HAVE_FTRUNCATE 1
| #define HAVE_MEMSET 1
| #define HAVE_MKDIR 1
| #define HAVE_STRCHR 1
| #define HAVE_STRERROR 1
| #define HAVE_STRTOL 1
| #define HAVE_ZLIB 1
| /* end confdefs.h.  */
| #include <pthread.h>
| int
| main ()
| {
| pthread_t th; pthread_join(th, 0);
|                      pthread_attr_init(0); pthread_cleanup_push(0, 0);
|                      pthread_create(0,0,0,0); pthread_cleanup_pop(0);
|   ;
|   return 0;
| }
configure:17780: result: no
configure:17652: checking whether pthreads work without any flags
configure:17750: gcc -o conftest     conftest.c  -lz  >&5
/tmp/ccOtRFAx.o: In function `main':
conftest.c:(.text+0x18): undefined reference to `pthread_join'
conftest.c:(.text+0x7e): undefined reference to `__pthread_register_cancel'
conftest.c:(.text+0x97): undefined reference to `pthread_create'
conftest.c:(.text+0xa6): undefined reference to `__pthread_unregister_cancel'
collect2: ld returned 1 exit status
configure:17757: $? = 1
configure: failed program was:
| /* confdefs.h.  */
| #define PACKAGE_NAME "Protocol Buffers"
| #define PACKAGE_TARNAME "protobuf"
| #define PACKAGE_VERSION "2.6.0"
| #define PACKAGE_STRING "Protocol Buffers 2.6.0"
| #define PACKAGE_BUGREPORT "protobuf@googlegroups.com"
| #define PACKAGE "protobuf"
| #define VERSION "2.6.0"
| #define STDC_HEADERS 1
| #define HAVE_SYS_TYPES_H 1
| #define HAVE_SYS_STAT_H 1
| #define HAVE_STDLIB_H 1
| #define HAVE_STRING_H 1
| #define HAVE_MEMORY_H 1
| #define HAVE_STRINGS_H 1
| #define HAVE_INTTYPES_H 1
| #define HAVE_STDINT_H 1
| #define HAVE_UNISTD_H 1
| #define __EXTENSIONS__ 1
| #define _ALL_SOURCE 1
| #define _GNU_SOURCE 1
| #define _POSIX_PTHREAD_SEMANTICS 1
| #define _TANDEM_SOURCE 1
| #define HAVE_DLFCN_H 1
| #define LT_OBJDIR ".libs/"
| #define STDC_HEADERS 1
| #define HAVE_FCNTL_H 1
| #define HAVE_INTTYPES_H 1
| #define HAVE_LIMITS_H 1
| #define HAVE_STDLIB_H 1
| #define HAVE_UNISTD_H 1
| #define HAVE_FTRUNCATE 1
| #define HAVE_MEMSET 1
| #define HAVE_MKDIR 1
| #define HAVE_STRCHR 1
| #define HAVE_STRERROR 1
| #define HAVE_STRTOL 1
| #define HAVE_ZLIB 1
| /* end confdefs.h.  */
| #include <pthread.h>
| int
| main ()
| {
| pthread_t th; pthread_join(th, 0);
|                      pthread_attr_init(0); pthread_cleanup_push(0, 0);
|                      pthread_create(0,0,0,0); pthread_cleanup_pop(0);
|   ;
|   return 0;
| }
configure:17780: result: no
configure:17657: checking whether pthreads work with -Kthread
configure:17750: gcc -o conftest  -Kthread   conftest.c  -lz  >&5
gcc: unrecognized option '-Kthread'
/tmp/ccUmbZYz.o: In function `main':
conftest.c:(.text+0x18): undefined reference to `pthread_join'
conftest.c:(.text+0x7e): undefined reference to `__pthread_register_cancel'
conftest.c:(.text+0x97): undefined reference to `pthread_create'
conftest.c:(.text+0xa6): undefined reference to `__pthread_unregister_cancel'
collect2: ld returned 1 exit status
configure:17757: $? = 1
configure: failed program was:
| /* confdefs.h.  */
| #define PACKAGE_NAME "Protocol Buffers"
| #define PACKAGE_TARNAME "protobuf"
| #define PACKAGE_VERSION "2.6.0"
| #define PACKAGE_STRING "Protocol Buffers 2.6.0"
| #define PACKAGE_BUGREPORT "protobuf@googlegroups.com"
| #define PACKAGE "protobuf"
| #define VERSION "2.6.0"
| #define STDC_HEADERS 1
| #define HAVE_SYS_TYPES_H 1
| #define HAVE_SYS_STAT_H 1
| #define HAVE_STDLIB_H 1
| #define HAVE_STRING_H 1
| #define HAVE_MEMORY_H 1
| #define HAVE_STRINGS_H 1
| #define HAVE_INTTYPES_H 1
| #define HAVE_STDINT_H 1
| #define HAVE_UNISTD_H 1
| #define __EXTENSIONS__ 1
| #define _ALL_SOURCE 1
| #define _GNU_SOURCE 1
| #define _POSIX_PTHREAD_SEMANTICS 1
| #define _TANDEM_SOURCE 1
| #define HAVE_DLFCN_H 1
| #define LT_OBJDIR ".libs/"
| #define STDC_HEADERS 1
| #define HAVE_FCNTL_H 1
| #define HAVE_INTTYPES_H 1
| #define HAVE_LIMITS_H 1
| #define HAVE_STDLIB_H 1
| #define HAVE_UNISTD_H 1
| #define HAVE_FTRUNCATE 1
| #define HAVE_MEMSET 1
| #define HAVE_MKDIR 1
| #define HAVE_STRCHR 1
| #define HAVE_STRERROR 1
| #define HAVE_STRTOL 1
| #define HAVE_ZLIB 1
| /* end confdefs.h.  */
| #include <pthread.h>
| int
| main ()
| {
| pthread_t th; pthread_join(th, 0);
|                      pthread_attr_init(0); pthread_cleanup_push(0, 0);
|                      pthread_create(0,0,0,0); pthread_cleanup_pop(0);
|   ;
|   return 0;
| }
configure:17780: result: no
configure:17657: checking whether pthreads work with -kthread
configure:17750: gcc -o conftest  -kthread   conftest.c  -lz  >&5
gcc: unrecognized option '-kthread'
/tmp/cc74OfGt.o: In function `main':
conftest.c:(.text+0x18): undefined reference to `pthread_join'
conftest.c:(.text+0x7e): undefined reference to `__pthread_register_cancel'
conftest.c:(.text+0x97): undefined reference to `pthread_create'
conftest.c:(.text+0xa6): undefined reference to `__pthread_unregister_cancel'
collect2: ld returned 1 exit status
configure:17757: $? = 1
configure: failed program was:
| /* confdefs.h.  */
| #define PACKAGE_NAME "Protocol Buffers"
| #define PACKAGE_TARNAME "protobuf"
| #define PACKAGE_VERSION "2.6.0"
| #define PACKAGE_STRING "Protocol Buffers 2.6.0"
| #define PACKAGE_BUGREPORT "protobuf@googlegroups.com"
| #define PACKAGE "protobuf"
| #define VERSION "2.6.0"
| #define STDC_HEADERS 1
| #define HAVE_SYS_TYPES_H 1
| #define HAVE_SYS_STAT_H 1
| #define HAVE_STDLIB_H 1
| #define HAVE_STRING_H 1
| #define HAVE_MEMORY_H 1
| #define HAVE_STRINGS_H 1
| #define HAVE_INTTYPES_H 1
| #define HAVE_STDINT_H 1
| #define HAVE_UNISTD_H 1
| #define __EXTENSIONS__ 1
| #define _ALL_SOURCE 1
| #define _GNU_SOURCE 1
| #define _POSIX_PTHREAD_SEMANTICS 1
| #define _TANDEM_SOURCE 1
| #define HAVE_DLFCN_H 1
| #define LT_OBJDIR ".libs/"
| #define STDC_HEADERS 1
| #define HAVE_FCNTL_H 1
| #define HAVE_INTTYPES_H 1
| #define HAVE_LIMITS_H 1
| #define HAVE_STDLIB_H 1
| #define HAVE_UNISTD_H 1
| #define HAVE_FTRUNCATE 1
| #define HAVE_MEMSET 1
| #define HAVE_MKDIR 1
| #define HAVE_STRCHR 1
| #define HAVE_STRERROR 1
| #define HAVE_STRTOL 1
| #define HAVE_ZLIB 1
| /* end confdefs.h.  */
| #include <pthread.h>
| int
| main ()
| {
| pthread_t th; pthread_join(th, 0);
|                      pthread_attr_init(0); pthread_cleanup_push(0, 0);
|                      pthread_create(0,0,0,0); pthread_cleanup_pop(0);
|   ;
|   return 0;
| }
configure:17780: result: no
configure:17707: checking for the pthreads library -llthread
configure:17750: gcc -o conftest     conftest.c -llthread -lz  >&5
/usr/bin/ld: cannot find -llthread
collect2: ld returned 1 exit status
configure:17757: $? = 1
configure: failed program was:
| /* confdefs.h.  */
| #define PACKAGE_NAME "Protocol Buffers"
| #define PACKAGE_TARNAME "protobuf"
| #define PACKAGE_VERSION "2.6.0"
| #define PACKAGE_STRING "Protocol Buffers 2.6.0"
| #define PACKAGE_BUGREPORT "protobuf@googlegroups.com"
| #define PACKAGE "protobuf"
| #define VERSION "2.6.0"
| #define STDC_HEADERS 1
| #define HAVE_SYS_TYPES_H 1
| #define HAVE_SYS_STAT_H 1
| #define HAVE_STDLIB_H 1
| #define HAVE_STRING_H 1
| #define HAVE_MEMORY_H 1
| #define HAVE_STRINGS_H 1
| #define HAVE_INTTYPES_H 1
| #define HAVE_STDINT_H 1
| #define HAVE_UNISTD_H 1
| #define __EXTENSIONS__ 1
| #define _ALL_SOURCE 1
| #define _GNU_SOURCE 1
| #define _POSIX_PTHREAD_SEMANTICS 1
| #define _TANDEM_SOURCE 1
| #define HAVE_DLFCN_H 1
| #define LT_OBJDIR ".libs/"
| #define STDC_HEADERS 1
| #define HAVE_FCNTL_H 1
| #define HAVE_INTTYPES_H 1
| #define HAVE_LIMITS_H 1
| #define HAVE_STDLIB_H 1
| #define HAVE_UNISTD_H 1
| #define HAVE_FTRUNCATE 1
| #define HAVE_MEMSET 1
| #define HAVE_MKDIR 1
| #define HAVE_STRCHR 1
| #define HAVE_STRERROR 1
| #define HAVE_STRTOL 1
| #define HAVE_ZLIB 1
| /* end confdefs.h.  */
| #include <pthread.h>
| int
| main ()
| {
| pthread_t th; pthread_join(th, 0);
|                      pthread_attr_init(0); pthread_cleanup_push(0, 0);
|                      pthread_create(0,0,0,0); pthread_cleanup_pop(0);
|   ;
|   return 0;
| }
configure:17780: result: no
configure:17657: checking whether pthreads work with -pthread
configure:17750: gcc -o conftest  -pthread   conftest.c  -lz  >&5
configure:17757: $? = 0
configure:17780: result: yes
configure:17799: checking for joinable pthread attribute
configure:17824: gcc -o conftest  -pthread   conftest.c  -lz  >&5
configure:17831: $? = 0
configure:17851: result: PTHREAD_CREATE_JOINABLE
configure:17861: checking if more special flags are required for pthreads
configure:17868: result: no
configure:17957: checking whether to check for GCC pthread/shared inconsistencies
configure:17980: gcc -o conftest -shared -fPIC -Wl,-z,defs  -pthread   conftest.c  -lz  >&5
configure:17987: $? = 0
configure:18011: result: yes
configure:18017: checking whether -pthread is sufficient with -shared
configure:18042: gcc -o conftest -shared -fPIC -Wl,-z,defs  -pthread   conftest.c  -lz  >&5
configure:18049: $? = 0
configure:18070: result: yes
configure:18220: checking whether what we have so far is sufficient with -nostdlib
configure:18248: gcc -o conftest -nostdlib -shared -fPIC -Wl,-z,defs  -pthread   conftest.c  -lz  -lc >&5
/tmp/ccnZ6pvI.o: In function `main':
conftest.c:(.text+0x18): undefined reference to `pthread_join'
conftest.c:(.text+0x7e): undefined reference to `__pthread_register_cancel'
conftest.c:(.text+0x97): undefined reference to `pthread_create'
conftest.c:(.text+0xa6): undefined reference to `__pthread_unregister_cancel'
collect2: ld returned 1 exit status
configure:18255: $? = 1
configure: failed program was:
| /* confdefs.h.  */
| #define PACKAGE_NAME "Protocol Buffers"
| #define PACKAGE_TARNAME "protobuf"
| #define PACKAGE_VERSION "2.6.0"
| #define PACKAGE_STRING "Protocol Buffers 2.6.0"
| #define PACKAGE_BUGREPORT "protobuf@googlegroups.com"
| #define PACKAGE "protobuf"
| #define VERSION "2.6.0"
| #define STDC_HEADERS 1
| #define HAVE_SYS_TYPES_H 1
| #define HAVE_SYS_STAT_H 1
| #define HAVE_STDLIB_H 1
| #define HAVE_STRING_H 1
| #define HAVE_MEMORY_H 1
| #define HAVE_STRINGS_H 1
| #define HAVE_INTTYPES_H 1
| #define HAVE_STDINT_H 1
| #define HAVE_UNISTD_H 1
| #define __EXTENSIONS__ 1
| #define _ALL_SOURCE 1
| #define _GNU_SOURCE 1
| #define _POSIX_PTHREAD_SEMANTICS 1
| #define _TANDEM_SOURCE 1
| #define HAVE_DLFCN_H 1
| #define LT_OBJDIR ".libs/"
| #define STDC_HEADERS 1
| #define HAVE_FCNTL_H 1
| #define HAVE_INTTYPES_H 1
| #define HAVE_LIMITS_H 1
| #define HAVE_STDLIB_H 1
| #define HAVE_UNISTD_H 1
| #define HAVE_FTRUNCATE 1
| #define HAVE_MEMSET 1
| #define HAVE_MKDIR 1
| #define HAVE_STRCHR 1
| #define HAVE_STRERROR 1
| #define HAVE_STRTOL 1
| #define HAVE_ZLIB 1
| /* end confdefs.h.  */
| #include <pthread.h>
| int
| main ()
| {
| pthread_t th; pthread_join(th, 0);
| 	       pthread_attr_init(0); pthread_cleanup_push(0, 0);
| 	       pthread_create(0,0,0,0); pthread_cleanup_pop(0);
|   ;
|   return 0;
| }
configure:18279: result: no
configure:18284: checking whether -lpthread saves the day
configure:18310: gcc -o conftest -nostdlib -shared -fPIC -Wl,-z,defs  -pthread   conftest.c -lpthread  -lz  -lc >&5
configure:18317: $? = 0
configure:18338: result: yes
configure:18380: checking the location of hash_map
configure:18416: g++ -c  -g -DNDEBUG  conftest.cpp >&5
configure:18423: $? = 0
configure:18463: g++ -c  -g -DNDEBUG  conftest.cpp >&5
In file included from /usr/lib/gcc/x86_64-redhat-linux/4.4.7/../../../../include/c++/4.4.7/unordered_map:35,
                 from conftest.cpp:41:
/usr/lib/gcc/x86_64-redhat-linux/4.4.7/../../../../include/c++/4.4.7/c++0x_warning.h:31:2: error: #error This file requires compiler and library support for the upcoming ISO C++ standard, C++0x. This support is currently experimental, and must be enabled with the -std=c++0x or -std=gnu++0x compiler options.
conftest.cpp: In function 'int main()':
conftest.cpp:45: error: expected initializer before '<' token
conftest.cpp:46: error: 't' was not declared in this scope
configure:18470: $? = 1
configure: failed program was:
| /* confdefs.h.  */
| #define PACKAGE_NAME "Protocol Buffers"
| #define PACKAGE_TARNAME "protobuf"
| #define PACKAGE_VERSION "2.6.0"
| #define PACKAGE_STRING "Protocol Buffers 2.6.0"
| #define PACKAGE_BUGREPORT "protobuf@googlegroups.com"
| #define PACKAGE "protobuf"
| #define VERSION "2.6.0"
| #define STDC_HEADERS 1
| #define HAVE_SYS_TYPES_H 1
| #define HAVE_SYS_STAT_H 1
| #define HAVE_STDLIB_H 1
| #define HAVE_STRING_H 1
| #define HAVE_MEMORY_H 1
| #define HAVE_STRINGS_H 1
| #define HAVE_INTTYPES_H 1
| #define HAVE_STDINT_H 1
| #define HAVE_UNISTD_H 1
| #define __EXTENSIONS__ 1
| #define _ALL_SOURCE 1
| #define _GNU_SOURCE 1
| #define _POSIX_PTHREAD_SEMANTICS 1
| #define _TANDEM_SOURCE 1
| #define HAVE_DLFCN_H 1
| #define LT_OBJDIR ".libs/"
| #define STDC_HEADERS 1
| #define HAVE_FCNTL_H 1
| #define HAVE_INTTYPES_H 1
| #define HAVE_LIMITS_H 1
| #define HAVE_STDLIB_H 1
| #define HAVE_UNISTD_H 1
| #define HAVE_FTRUNCATE 1
| #define HAVE_MEMSET 1
| #define HAVE_MKDIR 1
| #define HAVE_STRCHR 1
| #define HAVE_STRERROR 1
| #define HAVE_STRTOL 1
| #define HAVE_ZLIB 1
| #define HAVE_PTHREAD 1
| /* end confdefs.h.  */
| #include <unordered_map>
| int
| main ()
| {
| const std::unordered_map<int, int> t;
|                          return t.find(5) == t.end();
|   ;
|   return 0;
| }
configure:18463: g++ -c  -g -DNDEBUG  conftest.cpp >&5
In file included from /usr/lib/gcc/x86_64-redhat-linux/4.4.7/../../../../include/c++/4.4.7/unordered_map:35,
                 from conftest.cpp:41:
/usr/lib/gcc/x86_64-redhat-linux/4.4.7/../../../../include/c++/4.4.7/c++0x_warning.h:31:2: error: #error This file requires compiler and library support for the upcoming ISO C++ standard, C++0x. This support is currently experimental, and must be enabled with the -std=c++0x or -std=gnu++0x compiler options.
conftest.cpp: In function 'int main()':
conftest.cpp:45: error: 'std::tr1' has not been declared
conftest.cpp:45: error: expected initializer before '<' token
conftest.cpp:46: error: 't' was not declared in this scope
configure:18470: $? = 1
configure: failed program was:
| /* confdefs.h.  */
| #define PACKAGE_NAME "Protocol Buffers"
| #define PACKAGE_TARNAME "protobuf"
| #define PACKAGE_VERSION "2.6.0"
| #define PACKAGE_STRING "Protocol Buffers 2.6.0"
| #define PACKAGE_BUGREPORT "protobuf@googlegroups.com"
| #define PACKAGE "protobuf"
| #define VERSION "2.6.0"
| #define STDC_HEADERS 1
| #define HAVE_SYS_TYPES_H 1
| #define HAVE_SYS_STAT_H 1
| #define HAVE_STDLIB_H 1
| #define HAVE_STRING_H 1
| #define HAVE_MEMORY_H 1
| #define HAVE_STRINGS_H 1
| #define HAVE_INTTYPES_H 1
| #define HAVE_STDINT_H 1
| #define HAVE_UNISTD_H 1
| #define __EXTENSIONS__ 1
| #define _ALL_SOURCE 1
| #define _GNU_SOURCE 1
| #define _POSIX_PTHREAD_SEMANTICS 1
| #define _TANDEM_SOURCE 1
| #define HAVE_DLFCN_H 1
| #define LT_OBJDIR ".libs/"
| #define STDC_HEADERS 1
| #define HAVE_FCNTL_H 1
| #define HAVE_INTTYPES_H 1
| #define HAVE_LIMITS_H 1
| #define HAVE_STDLIB_H 1
| #define HAVE_UNISTD_H 1
| #define HAVE_FTRUNCATE 1
| #define HAVE_MEMSET 1
| #define HAVE_MKDIR 1
| #define HAVE_STRCHR 1
| #define HAVE_STRERROR 1
| #define HAVE_STRTOL 1
| #define HAVE_ZLIB 1
| #define HAVE_PTHREAD 1
| /* end confdefs.h.  */
| #include <unordered_map>
| int
| main ()
| {
| const std::tr1::unordered_map<int, int> t;
|                          return t.find(5) == t.end();
|   ;
|   return 0;
| }
configure:18463: g++ -c  -g -DNDEBUG  conftest.cpp >&5
conftest.cpp: In function 'int main()':
conftest.cpp:45: error: expected initializer before '<' token
conftest.cpp:46: error: 't' was not declared in this scope
configure:18470: $? = 1
configure: failed program was:
| /* confdefs.h.  */
| #define PACKAGE_NAME "Protocol Buffers"
| #define PACKAGE_TARNAME "protobuf"
| #define PACKAGE_VERSION "2.6.0"
| #define PACKAGE_STRING "Protocol Buffers 2.6.0"
| #define PACKAGE_BUGREPORT "protobuf@googlegroups.com"
| #define PACKAGE "protobuf"
| #define VERSION "2.6.0"
| #define STDC_HEADERS 1
| #define HAVE_SYS_TYPES_H 1
| #define HAVE_SYS_STAT_H 1
| #define HAVE_STDLIB_H 1
| #define HAVE_STRING_H 1
| #define HAVE_MEMORY_H 1
| #define HAVE_STRINGS_H 1
| #define HAVE_INTTYPES_H 1
| #define HAVE_STDINT_H 1
| #define HAVE_UNISTD_H 1
| #define __EXTENSIONS__ 1
| #define _ALL_SOURCE 1
| #define _GNU_SOURCE 1
| #define _POSIX_PTHREAD_SEMANTICS 1
| #define _TANDEM_SOURCE 1
| #define HAVE_DLFCN_H 1
| #define LT_OBJDIR ".libs/"
| #define STDC_HEADERS 1
| #define HAVE_FCNTL_H 1
| #define HAVE_INTTYPES_H 1
| #define HAVE_LIMITS_H 1
| #define HAVE_STDLIB_H 1
| #define HAVE_UNISTD_H 1
| #define HAVE_FTRUNCATE 1
| #define HAVE_MEMSET 1
| #define HAVE_MKDIR 1
| #define HAVE_STRCHR 1
| #define HAVE_STRERROR 1
| #define HAVE_STRTOL 1
| #define HAVE_ZLIB 1
| #define HAVE_PTHREAD 1
| /* end confdefs.h.  */
| #include <tr1/unordered_map>
| int
| main ()
| {
| const std::unordered_map<int, int> t;
|                          return t.find(5) == t.end();
|   ;
|   return 0;
| }
configure:18463: g++ -c  -g -DNDEBUG  conftest.cpp >&5
configure:18470: $? = 0
configure:18578: result: <tr1/unordered_map>
configure:18759: creating ./config.status

## ---------------------- ##
## Running config.status. ##
## ---------------------- ##

This file was extended by Protocol Buffers config.status 2.6.0, which was
generated by GNU Autoconf 2.63.  Invocation command line was

  CONFIG_FILES    = 
  CONFIG_HEADERS  = 
  CONFIG_LINKS    = 
  CONFIG_COMMANDS = 
  $ ./config.status 

on iZ94daepvlzZ

config.status:1112: creating Makefile
config.status:1112: creating src/Makefile
config.status:1112: creating protobuf.pc
config.status:1112: creating protobuf-lite.pc
config.status:1112: creating config.h
config.status:1334: config.h is unchanged
config.status:1386: executing depfiles commands
config.status:1386: executing libtool commands
configure:21337: === configuring in gtest (/home/ljw/nodesrv/3rd/protobuf/gtest)
configure:21440: running /bin/sh ./configure --disable-option-checking '--prefix=/usr/local'  --cache-file=/dev/null --srcdir=.

## ---------------- ##
## Cache variables. ##
## ---------------- ##

ac_cv_build=x86_64-unknown-linux-gnu
ac_cv_c_compiler_gnu=yes
ac_cv_cxx_compiler_gnu=yes
ac_cv_cxx_hash_map='<tr1/unordered_map>'
ac_cv_cxx_hash_map_class=unordered_map
ac_cv_cxx_hash_namespace=std::tr1
ac_cv_cxx_hash_set='<tr1/unordered_set>'
ac_cv_cxx_hash_set_class=unordered_set
ac_cv_env_CCC_set=
ac_cv_env_CCC_value=
ac_cv_env_CC_set=
ac_cv_env_CC_value=
ac_cv_env_CFLAGS_set=
ac_cv_env_CFLAGS_value=
ac_cv_env_CPPFLAGS_set=
ac_cv_env_CPPFLAGS_value=
ac_cv_env_CXXCPP_set=
ac_cv_env_CXXCPP_value=
ac_cv_env_CXXFLAGS_set=
ac_cv_env_CXXFLAGS_value=
ac_cv_env_CXX_set=
ac_cv_env_CXX_value=
ac_cv_env_LDFLAGS_set=
ac_cv_env_LDFLAGS_value=
ac_cv_env_LIBS_set=
ac_cv_env_LIBS_value=
ac_cv_env_build_alias_set=
ac_cv_env_build_alias_value=
ac_cv_env_host_alias_set=
ac_cv_env_host_alias_value=
ac_cv_env_target_alias_set=
ac_cv_env_target_alias_value=
ac_cv_func_ftruncate=yes
ac_cv_func_memcmp_working=yes
ac_cv_func_memset=yes
ac_cv_func_mkdir=yes
ac_cv_func_strchr=yes
ac_cv_func_strerror=yes
ac_cv_func_strtod=yes
ac_cv_func_strtol=yes
ac_cv_have_decl___SUNPRO_CC=no
ac_cv_header_dlfcn_h=yes
ac_cv_header_fcntl_h=yes
ac_cv_header_inttypes_h=yes
ac_cv_header_limits_h=yes
ac_cv_header_memory_h=yes
ac_cv_header_minix_config_h=no
ac_cv_header_stdc=yes
ac_cv_header_stdint_h=yes
ac_cv_header_stdlib_h=yes
ac_cv_header_string_h=yes
ac_cv_header_strings_h=yes
ac_cv_header_sys_stat_h=yes
ac_cv_header_sys_types_h=yes
ac_cv_header_unistd_h=yes
ac_cv_host=x86_64-unknown-linux-gnu
ac_cv_objext=o
ac_cv_path_EGREP='/bin/grep -E'
ac_cv_path_FGREP='/bin/grep -F'
ac_cv_path_GREP=/bin/grep
ac_cv_path_SED=/bin/sed
ac_cv_path_install='/usr/bin/install -c'
ac_cv_path_mkdir=/bin/mkdir
ac_cv_prog_AWK=gawk
ac_cv_prog_CXXCPP='g++ -E'
ac_cv_prog_ac_ct_AR=ar
ac_cv_prog_ac_ct_CC=gcc
ac_cv_prog_ac_ct_CXX=g++
ac_cv_prog_ac_ct_OBJDUMP=objdump
ac_cv_prog_ac_ct_RANLIB=ranlib
ac_cv_prog_ac_ct_STRIP=strip
ac_cv_prog_cc_c89=
ac_cv_prog_cc_g=yes
ac_cv_prog_cxx_g=yes
ac_cv_prog_make_make_set=yes
ac_cv_safe_to_define___extensions__=yes
ac_cv_search_zlibVersion=-lz
ac_cv_target=x86_64-unknown-linux-gnu
am_cv_CC_dependencies_compiler_type=gcc3
am_cv_CXX_dependencies_compiler_type=gcc3
lt_cv_ar_at_file=@
lt_cv_archive_cmds_need_lc=no
lt_cv_deplibs_check_method=pass_all
lt_cv_file_magic_cmd='$MAGIC_CMD'
lt_cv_file_magic_test_file=
lt_cv_ld_reload_flag=-r
lt_cv_nm_interface='BSD nm'
lt_cv_objdir=.libs
lt_cv_path_LD=/usr/bin/ld
lt_cv_path_LDCXX='/usr/bin/ld -m elf_x86_64'
lt_cv_path_NM='/usr/bin/nm -B'
lt_cv_path_mainfest_tool=no
lt_cv_prog_compiler_c_o=yes
lt_cv_prog_compiler_c_o_CXX=yes
lt_cv_prog_compiler_pic='-fPIC -DPIC'
lt_cv_prog_compiler_pic_CXX='-fPIC -DPIC'
lt_cv_prog_compiler_pic_works=yes
lt_cv_prog_compiler_pic_works_CXX=yes
lt_cv_prog_compiler_rtti_exceptions=no
lt_cv_prog_compiler_static_works=no
lt_cv_prog_compiler_static_works_CXX=no
lt_cv_prog_gnu_ld=yes
lt_cv_prog_gnu_ldcxx=yes
lt_cv_sharedlib_from_linklib_cmd='printf %s\n'
lt_cv_shlibpath_overrides_runpath=no
lt_cv_sys_global_symbol_pipe='sed -n -e '\''s/^.*[	 ]\([ABCDGIRSTW][ABCDGIRSTW]*\)[	 ][	 ]*\([_A-Za-z][_A-Za-z0-9]*\)$/\1 \2 \2/p'\'' | sed '\''/ __gnu_lto/d'\'''
lt_cv_sys_global_symbol_to_c_name_address='sed -n -e '\''s/^: \([^ ]*\)[ ]*$/  {\"\1\", (void *) 0},/p'\'' -e '\''s/^[ABCDGIRSTW]* \([^ ]*\) \([^ ]*\)$/  {"\2", (void *) \&\2},/p'\'''
lt_cv_sys_global_symbol_to_c_name_address_lib_prefix='sed -n -e '\''s/^: \([^ ]*\)[ ]*$/  {\"\1\", (void *) 0},/p'\'' -e '\''s/^[ABCDGIRSTW]* \([^ ]*\) \(lib[^ ]*\)$/  {"\2", (void *) \&\2},/p'\'' -e '\''s/^[ABCDGIRSTW]* \([^ ]*\) \([^ ]*\)$/  {"lib\2", (void *) \&\2},/p'\'''
lt_cv_sys_global_symbol_to_cdecl='sed -n -e '\''s/^T .* \(.*\)$/extern int \1();/p'\'' -e '\''s/^[ABCDGIRSTW]* .* \(.*\)$/extern char \1;/p'\'''
lt_cv_sys_max_cmd_len=1966080
lt_cv_to_host_file_cmd=func_convert_file_noop
lt_cv_to_tool_file_cmd=func_convert_file_noop

## ----------------- ##
## Output variables. ##
## ----------------- ##

ACLOCAL='${SHELL} /home/ljw/nodesrv/3rd/protobuf/missing --run aclocal-1.11'
AMDEPBACKSLASH='\'
AMDEP_FALSE='#'
AMDEP_TRUE=''
AMTAR='${SHELL} /home/ljw/nodesrv/3rd/protobuf/missing --run tar'
AR='ar'
AUTOCONF='${SHELL} /home/ljw/nodesrv/3rd/protobuf/missing --run autoconf'
AUTOHEADER='${SHELL} /home/ljw/nodesrv/3rd/protobuf/missing --run autoheader'
AUTOMAKE='${SHELL} /home/ljw/nodesrv/3rd/protobuf/missing --run automake-1.11'
AWK='gawk'
CC='gcc'
CCDEPMODE='depmode=gcc3'
CFLAGS=''
CPPFLAGS=''
CXX='g++'
CXXCPP='g++ -E'
CXXDEPMODE='depmode=gcc3'
CXXFLAGS=' -g -DNDEBUG'
CYGPATH_W='echo'
DEFS='-DHAVE_CONFIG_H'
DEPDIR='.deps'
DLLTOOL='false'
DSYMUTIL=''
DUMPBIN=''
ECHO_C=''
ECHO_N='-n'
ECHO_T=''
EGREP='/bin/grep -E'
EXEEXT=''
FGREP='/bin/grep -F'
GCC_FALSE='#'
GCC_TRUE=''
GREP='/bin/grep'
HAVE_ZLIB_FALSE='#'
HAVE_ZLIB_TRUE=''
INSTALL_DATA='${INSTALL} -m 644'
INSTALL_PROGRAM='${INSTALL}'
INSTALL_SCRIPT='${INSTALL}'
INSTALL_STRIP_PROGRAM='$(install_sh) -c -s'
ISAINFO=''
LD='/usr/bin/ld -m elf_x86_64'
LDFLAGS=''
LIBOBJS=''
LIBS='-lz '
LIBTOOL='$(SHELL) $(top_builddir)/libtool'
LIPO=''
LN_S='ln -s'
LTLIBOBJS=''
MAINT=''
MAINTAINER_MODE_FALSE='#'
MAINTAINER_MODE_TRUE=''
MAKEINFO='${SHELL} /home/ljw/nodesrv/3rd/protobuf/missing --run makeinfo'
MANIFEST_TOOL=':'
MKDIR_P='/bin/mkdir -p'
NM='/usr/bin/nm -B'
NMEDIT=''
OBJDUMP='objdump'
OBJEXT='o'
OTOOL64=''
OTOOL=''
PACKAGE='protobuf'
PACKAGE_BUGREPORT='protobuf@googlegroups.com'
PACKAGE_NAME='Protocol Buffers'
PACKAGE_STRING='Protocol Buffers 2.6.0'
PACKAGE_TARNAME='protobuf'
PACKAGE_VERSION='2.6.0'
PATH_SEPARATOR=':'
POW_LIB=''
PROTOBUF_OPT_FLAG='-O2'
PROTOC=''
PTHREAD_CC='gcc'
PTHREAD_CFLAGS='-pthread'
PTHREAD_LIBS=' -lpthread'
RANLIB='ranlib'
SED='/bin/sed'
SET_MAKE=''
SHELL='/bin/sh'
STRIP='strip'
USE_EXTERNAL_PROTOC_FALSE=''
USE_EXTERNAL_PROTOC_TRUE='#'
VERSION='2.6.0'
ac_ct_AR='ar'
ac_ct_CC='gcc'
ac_ct_CXX='g++'
ac_ct_DUMPBIN=''
acx_pthread_config=''
am__EXEEXT_FALSE=''
am__EXEEXT_TRUE='#'
am__fastdepCC_FALSE='#'
am__fastdepCC_TRUE=''
am__fastdepCXX_FALSE='#'
am__fastdepCXX_TRUE=''
am__include='include'
am__isrc=''
am__leading_dot='.'
am__quote=''
am__tar='${AMTAR} chof - "$$tardir"'
am__untar='${AMTAR} xf -'
bindir='${exec_prefix}/bin'
build='x86_64-unknown-linux-gnu'
build_alias=''
build_cpu='x86_64'
build_os='linux-gnu'
build_vendor='unknown'
datadir='${datarootdir}'
datarootdir='${prefix}/share'
docdir='${datarootdir}/doc/${PACKAGE_TARNAME}'
dvidir='${docdir}'
exec_prefix='${prefix}'
host='x86_64-unknown-linux-gnu'
host_alias=''
host_cpu='x86_64'
host_os='linux-gnu'
host_vendor='unknown'
htmldir='${docdir}'
includedir='${prefix}/include'
infodir='${datarootdir}/info'
install_sh='${SHELL} /home/ljw/nodesrv/3rd/protobuf/install-sh'
libdir='${exec_prefix}/lib'
libexecdir='${exec_prefix}/libexec'
localedir='${datarootdir}/locale'
localstatedir='${prefix}/var'
mandir='${datarootdir}/man'
mkdir_p='/bin/mkdir -p'
oldincludedir='/usr/include'
pdfdir='${docdir}'
prefix='/usr/local'
program_transform_name='s,x,x,'
psdir='${docdir}'
sbindir='${exec_prefix}/sbin'
sharedstatedir='${prefix}/com'
subdirs=' gtest'
sysconfdir='${prefix}/etc'
target='x86_64-unknown-linux-gnu'
target_alias=''
target_cpu='x86_64'
target_os='linux-gnu'
target_vendor='unknown'

## ----------- ##
## confdefs.h. ##
## ----------- ##

#define PACKAGE_NAME "Protocol Buffers"
#define PACKAGE_TARNAME "protobuf"
#define PACKAGE_VERSION "2.6.0"
#define PACKAGE_STRING "Protocol Buffers 2.6.0"
#define PACKAGE_BUGREPORT "protobuf@googlegroups.com"
#define PACKAGE "protobuf"
#define VERSION "2.6.0"
#define STDC_HEADERS 1
#define HAVE_SYS_TYPES_H 1
#define HAVE_SYS_STAT_H 1
#define HAVE_STDLIB_H 1
#define HAVE_STRING_H 1
#define HAVE_MEMORY_H 1
#define HAVE_STRINGS_H 1
#define HAVE_INTTYPES_H 1
#define HAVE_STDINT_H 1
#define HAVE_UNISTD_H 1
#define __EXTENSIONS__ 1
#define _ALL_SOURCE 1
#define _GNU_SOURCE 1
#define _POSIX_PTHREAD_SEMANTICS 1
#define _TANDEM_SOURCE 1
#define HAVE_DLFCN_H 1
#define LT_OBJDIR ".libs/"
#define STDC_HEADERS 1
#define HAVE_FCNTL_H 1
#define HAVE_INTTYPES_H 1
#define HAVE_LIMITS_H 1
#define HAVE_STDLIB_H 1
#define HAVE_UNISTD_H 1
#define HAVE_FTRUNCATE 1
#define HAVE_MEMSET 1
#define HAVE_MKDIR 1
#define HAVE_STRCHR 1
#define HAVE_STRERROR 1
#define HAVE_STRTOL 1
#define HAVE_ZLIB 1
#define HAVE_PTHREAD 1
#define HAVE_HASH_MAP 1
#define HAVE_HASH_SET 1
#define HASH_MAP_H <tr1/unordered_map>
#define HASH_SET_H <tr1/unordered_set>
#define HASH_NAMESPACE std::tr1
#define HASH_MAP_CLASS unordered_map
#define HASH_SET_CLASS unordered_set

configure: exit 0
